0 verbose cli /usr/local/bin/node /usr/local/bin/npm
1 info using npm@8.11.0
2 info using node@v16.16.0
3 timing npm:load:whichnode Completed in 0ms
4 timing config:load:defaults Completed in 4ms
5 timing config:load:file:/usr/local/lib/node_modules/npm/npmrc Completed in 6ms
6 timing config:load:builtin Completed in 6ms
7 warn config production Use `--omit=dev` instead.
8 timing config:load:cli Completed in 2ms
9 timing config:load:env Completed in 0ms
10 timing config:load:file:/data/.npmrc Completed in 1ms
11 timing config:load:project Completed in 6ms
12 timing config:load:file:/usr/src/node-red/.npmrc Completed in 0ms
13 timing config:load:user Completed in 0ms
14 timing config:load:file:/usr/local/etc/npmrc Completed in 2ms
15 timing config:load:global Completed in 2ms
16 timing config:load:validate Completed in 0ms
17 timing config:load:credentials Completed in 1ms
18 timing config:load:setEnvs Completed in 2ms
19 timing config:load Completed in 24ms
20 timing npm:load:configload Completed in 24ms
21 timing npm:load:mkdirpcache Completed in 2ms
22 timing npm:load:mkdirplogs Completed in 2ms
23 verbose title npm install node-red-node-random@0.4.1
24 verbose argv "install" "--no-audit" "--no-update-notifier" "--no-fund" "--save" "--save-prefix" "~" "--production" "--engine-strict" "node-red-node-random@0.4.1"
25 timing npm:load:setTitle Completed in 1ms
26 timing config:load:flatten Completed in 3ms
27 timing npm:load:display Completed in 6ms
28 verbose logfile logs-max:10 dir:/data/.npm/_logs
29 verbose logfile /data/.npm/_logs/2022-12-15T09_36_01_400Z-debug-0.log
30 timing npm:load:logFile Completed in 21ms
31 timing npm:load:timers Completed in 1ms
32 timing npm:load:configScope Completed in 0ms
33 timing npm:load Completed in 60ms
34 timing arborist:ctor Completed in 1ms
35 silly logfile done cleaning log files
36 timing arborist:ctor Completed in 0ms
37 timing idealTree:init Completed in 19ms
38 timing idealTree:userRequests Completed in 5ms
39 silly idealTree buildDeps
40 silly fetch manifest node-red-node-random@0.4.1
41 http fetch GET 200 https://registry.npmjs.org/node-red-node-random 1212ms (cache miss)
42 silly placeDep ROOT node-red-node-random@0.4.1 OK for: node-red-project@0.0.1 want: 0.4.1
43 timing idealTree:#root Completed in 1224ms
44 timing idealTree:node_modules/node-red-node-random Completed in 0ms
45 timing idealTree:buildDeps Completed in 1226ms
46 timing idealTree:fixDepFlags Completed in 0ms
47 timing idealTree Completed in 1253ms
48 timing reify:loadTrees Completed in 1254ms
49 timing reify:diffTrees Completed in 1ms
50 silly reify moves {}
51 timing reify:retireShallow Completed in 2ms
52 timing reify:createSparse Completed in 4ms
53 timing reify:trashOmits Completed in 0ms
54 timing reify:loadBundles Completed in 0ms
55 silly tarball no local data for node-red-node-random@https://registry.npmjs.org/node-red-node-random/-/node-red-node-random-0.4.1.tgz. Extracting by manifest.
56 http fetch GET 200 https://registry.npmjs.org/node-red-node-random/-/node-red-node-random-0.4.1.tgz 142ms (cache miss)
57 timing reifyNode:node_modules/node-red-node-random Completed in 151ms
58 timing reify:unpack Completed in 152ms
59 timing reify:unretire Completed in 1ms
60 timing build:queue Completed in 0ms
61 timing build:deps Completed in 2ms
62 timing build Completed in 3ms
63 timing reify:build Completed in 3ms
64 timing reify:trash Completed in 0ms
65 timing reify:save Completed in 8ms
66 timing reify Completed in 1436ms
67 silly ADD node_modules/node-red-node-random
68 timing command:install Completed in 1441ms
69 verbose exit 0
70 timing npm Completed in 1560ms
71 info ok
